<?xml version="1.0" encoding="UTF-8"?>
<testsuite name="com.ecosystem.core.identity.IdentityManagerTest" tests="4" skipped="0" failures="0" errors="0" timestamp="2026-06-11T21:23:59.559Z" hostname="vigneshs-MacBook-Air.local" time="0.873">
  <properties/>
  <testcase name="getIdentity returns null when no identity exists" classname="com.ecosystem.core.identity.IdentityManagerTest" time="0.833"/>
  <testcase name="getOrCreateIdentity returns existing identity on subsequent launches" classname="com.ecosystem.core.identity.IdentityManagerTest" time="0.027"/>
  <testcase name="getOrCreateIdentity generates new UUID and keys on first launch" classname="com.ecosystem.core.identity.IdentityManagerTest" time="0.01"/>
  <testcase name="signChallenge delegates challenge signing to CryptoManager" classname="com.ecosystem.core.identity.IdentityManagerTest" time="0.002"/>
  <system-out><![CDATA[]]></system-out>
  <system-err><![CDATA[WARNING: A Java agent has been loaded dynamically (/Users/vigneshchowdary/.gradle/caches/8.14/transforms/df1179291a0ce1a60d571a98f366c1c5/transformed/jetified-byte-buddy-agent-1.14.6.jar)
WARNING: If a serviceability tool is in use, please run with -XX:+EnableDynamicAgentLoading to hide this warning
WARNING: If a serviceability tool is not in use, please run with -Djdk.instrument.traceUsage for more information
WARNING: Dynamic loading of agents will be disallowed by default in a future release
]]></system-err>
</testsuite>
