<?xml version="1.0" encoding="UTF-8"?>
<testsuite name="com.ecosystem.core.security.CryptoManagerTest" tests="3" skipped="0" failures="0" errors="0" timestamp="2026-06-11T21:24:06.527Z" hostname="vigneshs-MacBook-Air.local" time="0.951">
  <properties/>
  <testcase name="generateIdentityKeyPair generates and saves public and private keys" classname="com.ecosystem.core.security.CryptoManagerTest" time="0.939"/>
  <testcase name="signAndVerify succeeds with generated keys" classname="com.ecosystem.core.security.CryptoManagerTest" time="0.005"/>
  <testcase name="computeSharedSessionKey generates identical keys for both peers" classname="com.ecosystem.core.security.CryptoManagerTest" time="0.006"/>
  <system-out><![CDATA[]]></system-out>
  <system-err><![CDATA[WARNING: A Java agent has been loaded dynamically (/Users/vigneshchowdary/.gradle/caches/8.14/transforms/df1179291a0ce1a60d571a98f366c1c5/transformed/jetified-byte-buddy-agent-1.14.6.jar)
WARNING: If a serviceability tool is in use, please run with -XX:+EnableDynamicAgentLoading to hide this warning
WARNING: If a serviceability tool is not in use, please run with -Djdk.instrument.traceUsage for more information
WARNING: Dynamic loading of agents will be disallowed by default in a future release
]]></system-err>
</testsuite>
